0 info it worked if it ends with ok
1 verbose cli [ '/Users/evenbrenna/.nvm/v0.12.7/bin/node',
1 verbose cli   '/Users/evenbrenna/.nvm/v0.12.7/bin/npm',
1 verbose cli   'publish' ]
2 info using npm@2.11.3
3 info using node@v0.12.7
4 verbose publish [ '.' ]
5 silly cache add args [ '.', null ]
6 verbose cache add spec .
7 silly cache add parsed spec { raw: '.',
7 silly cache add   scope: null,
7 silly cache add   name: null,
7 silly cache add   rawSpec: '.',
7 silly cache add   spec: '/Users/evenbrenna/Code/permutations-count',
7 silly cache add   type: 'directory' }
8 verbose addLocalDirectory /Users/evenbrenna/.npm/permutations-count/0.1.0/package.tgz not in flight; packing
9 verbose tar pack [ '/Users/evenbrenna/.npm/permutations-count/0.1.0/package.tgz',
9 verbose tar pack   '/Users/evenbrenna/Code/permutations-count' ]
10 verbose tarball /Users/evenbrenna/.npm/permutations-count/0.1.0/package.tgz
11 verbose folder /Users/evenbrenna/Code/permutations-count
12 info prepublish permutations-count@0.1.0
13 verbose addLocalTarball adding from inside cache /Users/evenbrenna/.npm/permutations-count/0.1.0/package.tgz
14 silly cache afterAdd permutations-count@0.1.0
15 verbose afterAdd /Users/evenbrenna/.npm/permutations-count/0.1.0/package/package.json not in flight; writing
16 verbose afterAdd /Users/evenbrenna/.npm/permutations-count/0.1.0/package/package.json written
17 silly publish { name: 'permutations-count',
17 silly publish   version: '0.1.0',
17 silly publish   description: 'Calculate the number of possible permutations.',
17 silly publish   main: 'index.js',
17 silly publish   scripts: { test: 'node test.js' },
17 silly publish   repository:
17 silly publish    { type: 'git',
17 silly publish      url: 'git+https://github.com/evenbrenna/permutations-count.git' },
17 silly publish   keywords:
17 silly publish    [ 'combinatorics',
17 silly publish      'permutations',
17 silly publish      'permutation',
17 silly publish      'unique',
17 silly publish      'combinations',
17 silly publish      'combination' ],
17 silly publish   author: { name: 'Even Brenna', email: 'evenbrenna@gmail.com' },
17 silly publish   license: 'MIT',
17 silly publish   bugs: { url: 'https://github.com/evenbrenna/permutations-count/issues' },
17 silly publish   homepage: 'https://github.com/evenbrenna/permutations-count',
17 silly publish   dependencies: { 'big-factorial': '^1.0.2' },
17 silly publish   devDependencies: { ava: '0.0.4' },
17 silly publish   readme: '# permutations-count\n\nCalculate the number of possible permutations given the size of a set and\nthe size of the ordered sub-sets (permutations).\n\n## Install\n\n`$ npm install --save permutations-count`\n\n## Usage\n\n```js\nvar permutationsCount = require(\'permutations-count\');\n\nvar numPermutations = permutationsCount(12, 3);\nconsole.log(numPermutations); // => 1320\n\nconsole.log(permutationsCount(1000, 30));\n// ... this will take a few seconds\n// => 6.444605211972133e+89\n```\n\n## permutationsCount(n, r)\n\n* Returns `number`\n* Requires `n >= r`\n\nThe returned number is the number of ways of obtaining an ordered subset of\n`r` elements from a set of `n` elements.\n\n\n## Large numbers\nWorks for large numbers thanks to\n[big-integer](https://www.npmjs.com/package/big-integer) via\n[big-factorial](https://www.npmjs.com/package/big-factorial). But when the\nnumbers get large the calculations are slow, and you loose precision when the\nresult is > 9007199254740992.\n\nFrom the `big-integer` readme:\n\n> `bigInt("18446744073709551616").toJSNumber() => 18446744073709552000`\n',
17 silly publish   readmeFilename: 'README.md',
17 silly publish   gitHead: 'eac168abb875015f940a7718f6618fabae292335',
17 silly publish   _id: 'permutations-count@0.1.0',
17 silly publish   _shasum: 'aa86634db2ac37c039e52c65cf3e6de5b07fb0eb',
17 silly publish   _from: '.' }
18 verbose getPublishConfig undefined
19 silly mapToRegistry name permutations-count
20 silly mapToRegistry using default registry
21 silly mapToRegistry registry https://registry.npmjs.org/
22 silly mapToRegistry uri https://registry.npmjs.org/permutations-count
23 verbose publish registryBase https://registry.npmjs.org/
24 silly publish uploading /Users/evenbrenna/.npm/permutations-count/0.1.0/package.tgz
25 verbose request uri https://registry.npmjs.org/permutations-count
26 verbose request sending authorization for write operation
27 info attempt registry request try #1 at 12:04:36 AM
28 verbose request using bearer token for auth
29 verbose request id 4864ceaa7430e8f6
30 http request PUT https://registry.npmjs.org/permutations-count
31 http 403 https://registry.npmjs.org/permutations-count
32 verbose headers { 'content-type': 'application/json',
32 verbose headers   'cache-control': 'max-age=60',
32 verbose headers   'content-length': '95',
32 verbose headers   'accept-ranges': 'bytes',
32 verbose headers   date: 'Tue, 11 Aug 2015 22:04:37 GMT',
32 verbose headers   via: '1.1 varnish',
32 verbose headers   connection: 'keep-alive',
32 verbose headers   'x-served-by': 'cache-ams4122-AMS',
32 verbose headers   'x-cache': 'MISS',
32 verbose headers   'x-cache-hits': '0',
32 verbose headers   'x-timer': 'S1439330677.023422,VS0,VE376' }
33 verbose request invalidating /Users/evenbrenna/.npm/registry.npmjs.org/permutations-count on PUT
34 error publish Failed PUT 403
35 verbose stack Error: "You cannot publish over the previously published version 0.1.0." : permutations-count
35 verbose stack     at CachingRegistryClient.<anonymous> (/Users/evenbrenna/.nvm/v0.12.7/lib/node_modules/npm/node_modules/npm-registry-client/lib/request.js:247:14)
35 verbose stack     at Request._callback (/Users/evenbrenna/.nvm/v0.12.7/lib/node_modules/npm/node_modules/npm-registry-client/lib/request.js:170:14)
35 verbose stack     at Request.self.callback (/Users/evenbrenna/.nvm/v0.12.7/lib/node_modules/npm/node_modules/request/request.js:354:22)
35 verbose stack     at Request.emit (events.js:110:17)
35 verbose stack     at Request.<anonymous> (/Users/evenbrenna/.nvm/v0.12.7/lib/node_modules/npm/node_modules/request/request.js:1207:14)
35 verbose stack     at Request.emit (events.js:129:20)
35 verbose stack     at IncomingMessage.<anonymous> (/Users/evenbrenna/.nvm/v0.12.7/lib/node_modules/npm/node_modules/request/request.js:1153:12)
35 verbose stack     at IncomingMessage.emit (events.js:129:20)
35 verbose stack     at _stream_readable.js:908:16
35 verbose stack     at process._tickCallback (node.js:355:11)
36 verbose statusCode 403
37 verbose pkgid permutations-count
38 verbose cwd /Users/evenbrenna/Code/permutations-count
39 error Darwin 14.4.0
40 error argv "/Users/evenbrenna/.nvm/v0.12.7/bin/node" "/Users/evenbrenna/.nvm/v0.12.7/bin/npm" "publish"
41 error node v0.12.7
42 error npm  v2.11.3
43 error code E403
44 error "You cannot publish over the previously published version 0.1.0." : permutations-count
45 error If you need help, you may report this error at:
45 error     <https://github.com/npm/npm/issues>
46 verbose exit [ 1, true ]
